2025-05-24 07:42:09 INFO  c.e.u.UserServiceApplication - Starting UserServiceApplication v0.0.1-SNAPSHOT using Java 21 with PID 1 (/app/app.jar started by root in /app)
2025-05-24 07:42:09 INFO  c.e.u.UserServiceApplication - No active profile set, falling back to 1 default profile: "default"
2025-05-24 07:42:10 INFO  o.s.d.r.c.RepositoryConfigurationDelegate - Bootstrapping Spring Data JPA repositories in DEFAULT mode.
2025-05-24 07:42:11 INFO  o.s.d.r.c.RepositoryConfigurationDelegate - Finished Spring Data repository scanning in 52 ms. Found 1 JPA repository interface.
2025-05-24 07:42:11 INFO  o.s.b.w.e.tomcat.TomcatWebServer - Tomcat initialized with port 8081 (http)
2025-05-24 07:42:11 INFO  o.a.catalina.core.StandardService - Starting service [Tomcat]
2025-05-24 07:42:11 INFO  o.a.catalina.core.StandardEngine - Starting Servlet engine: [Apache Tomcat/10.1.41]
2025-05-24 07:42:11 INFO  o.a.c.c.C.[Tomcat].[localhost].[/] - Initializing Spring embedded WebApplicationContext
2025-05-24 07:42:11 INFO  o.s.b.w.s.c.ServletWebServerApplicationContext - Root WebApplicationContext: initialization completed in 2286 ms
2025-05-24 07:42:12 INFO  o.h.jpa.internal.util.LogHelper - HHH000204: Processing PersistenceUnitInfo [name: default]
2025-05-24 07:42:12 INFO  org.hibernate.Version - HHH000412: Hibernate ORM core version 6.6.15.Final
2025-05-24 07:42:12 INFO  o.h.c.i.RegionFactoryInitiator - HHH000026: Second-level cache disabled
2025-05-24 07:42:12 INFO  o.s.o.j.p.SpringPersistenceUnitInfo - No LoadTimeWeaver setup: ignoring JPA class transformer
2025-05-24 07:42:12 INFO  com.zaxxer.hikari.HikariDataSource - HikariPool-1 - Starting...
2025-05-24 07:42:13 INFO  com.zaxxer.hikari.pool.HikariPool - HikariPool-1 - Added connection org.postgresql.jdbc.PgConnection@305881b8
2025-05-24 07:42:13 INFO  com.zaxxer.hikari.HikariDataSource - HikariPool-1 - Start completed.
2025-05-24 07:42:13 WARN  org.hibernate.orm.deprecation - HHH90000025: PostgreSQLDialect does not need to be specified explicitly using 'hibernate.dialect' (remove the property setting and it will be selected by default)
2025-05-24 07:42:13 INFO  o.hibernate.orm.connections.pooling - HHH10001005: Database info:
	Database JDBC URL [Connecting through datasource 'HikariDataSource (HikariPool-1)']
	Database driver: undefined/unknown
	Database version: 15.13
	Autocommit mode: undefined/unknown
	Isolation level: undefined/unknown
	Minimum pool size: undefined/unknown
	Maximum pool size: undefined/unknown
2025-05-24 07:42:14 INFO  o.h.e.t.j.p.i.JtaPlatformInitiator - HHH000489: No JTA platform available (set 'hibernate.transaction.jta.platform' to enable JTA platform integration)
2025-05-24 07:42:14 INFO  o.s.o.j.LocalContainerEntityManagerFactoryBean - Initialized JPA EntityManagerFactory for persistence unit 'default'
2025-05-24 07:42:14 WARN  o.s.b.a.o.j.JpaBaseConfiguration$JpaWebConfiguration - spring.jpa.open-in-view is enabled by default. Therefore, database queries may be performed during view rendering. Explicitly configure spring.jpa.open-in-view to disable this warning
2025-05-24 07:42:15 INFO  o.s.b.a.e.web.EndpointLinksResolver - Exposing 1 endpoint beneath base path '/actuator'
2025-05-24 07:42:15 INFO  o.s.b.w.e.tomcat.TomcatWebServer - Tomcat started on port 8081 (http) with context path '/'
2025-05-24 07:42:15 INFO  c.e.u.UserServiceApplication - Started UserServiceApplication in 6.909 seconds (process running for 7.544)
2025-05-24 07:42:29 INFO  o.a.c.c.C.[Tomcat].[localhost].[/] - Initializing Spring DispatcherServlet 'dispatcherServlet'
2025-05-24 07:42:29 INFO  o.s.web.servlet.DispatcherServlet - Initializing Servlet 'dispatcherServlet'
2025-05-24 07:42:29 INFO  o.s.web.servlet.DispatcherServlet - Completed initialization in 0 ms
2025-05-24 07:42:29 INFO  c.e.userservice.aop.LoggingAspect - [Before] List com.example.userservice.service.UserService.getAll() called with args: []
2025-05-24 07:42:29 INFO  c.e.userservice.aop.LoggingAspect - [AfterReturning] List com.example.userservice.service.UserService.getAll() returned: [User(id=1, username=burak, email=cburaksari@gmail.com), User(id=2, username=burak, email=cburaksari)]
2025-05-24 07:53:58 INFO  c.e.userservice.aop.LoggingAspect - [Before] List com.example.userservice.service.UserService.getAll() called with args: []
2025-05-24 07:53:58 INFO  c.e.userservice.aop.LoggingAspect - [AfterReturning] List com.example.userservice.service.UserService.getAll() returned: [User(id=1, username=burak, email=cburaksari@gmail.com), User(id=2, username=burak, email=cburaksari)]
2025-05-24 07:57:43 INFO  c.e.userservice.aop.LoggingAspect - [Before] List com.example.userservice.service.UserService.getAll() called with args: []
2025-05-24 07:57:43 INFO  c.e.userservice.aop.LoggingAspect - [AfterReturning] List com.example.userservice.service.UserService.getAll() returned: [User(id=1, username=burak, email=cburaksari@gmail.com), User(id=2, username=burak, email=cburaksari)]
2025-05-24 07:57:44 INFO  c.e.userservice.aop.LoggingAspect - [Before] List com.example.userservice.service.UserService.getAll() called with args: []
2025-05-24 07:57:44 INFO  c.e.userservice.aop.LoggingAspect - [AfterReturning] List com.example.userservice.service.UserService.getAll() returned: [User(id=1, username=burak, email=cburaksari@gmail.com), User(id=2, username=burak, email=cburaksari)]
2025-05-24 07:57:45 INFO  c.e.userservice.aop.LoggingAspect - [Before] List com.example.userservice.service.UserService.getAll() called with args: []
2025-05-24 07:57:45 INFO  c.e.userservice.aop.LoggingAspect - [AfterReturning] List com.example.userservice.service.UserService.getAll() returned: [User(id=1, username=burak, email=cburaksari@gmail.com), User(id=2, username=burak, email=cburaksari)]
2025-05-24 08:05:13 INFO  o.s.b.w.e.tomcat.GracefulShutdown - Commencing graceful shutdown. Waiting for active requests to complete
2025-05-24 08:05:13 INFO  o.s.b.w.e.tomcat.GracefulShutdown - Graceful shutdown complete
2025-05-24 08:05:13 INFO  o.s.o.j.LocalContainerEntityManagerFactoryBean - Closing JPA EntityManagerFactory for persistence unit 'default'
2025-05-24 08:05:13 INFO  com.zaxxer.hikari.HikariDataSource - HikariPool-1 - Shutdown initiated...
2025-05-24 08:05:13 INFO  com.zaxxer.hikari.HikariDataSource - HikariPool-1 - Shutdown completed.
2025-05-24 08:06:22 INFO  c.e.u.UserServiceApplication - Starting UserServiceApplication v0.0.1-SNAPSHOT using Java 21 with PID 1 (/app/app.jar started by root in /app)
2025-05-24 08:06:22 INFO  c.e.u.UserServiceApplication - No active profile set, falling back to 1 default profile: "default"
2025-05-24 08:06:23 INFO  o.s.d.r.c.RepositoryConfigurationDelegate - Bootstrapping Spring Data JPA repositories in DEFAULT mode.
2025-05-24 08:06:23 INFO  o.s.d.r.c.RepositoryConfigurationDelegate - Finished Spring Data repository scanning in 45 ms. Found 1 JPA repository interface.
2025-05-24 08:06:24 INFO  o.s.b.w.e.tomcat.TomcatWebServer - Tomcat initialized with port 8081 (http)
2025-05-24 08:06:24 INFO  o.a.catalina.core.StandardService - Starting service [Tomcat]
2025-05-24 08:06:24 INFO  o.a.catalina.core.StandardEngine - Starting Servlet engine: [Apache Tomcat/10.1.41]
2025-05-24 08:06:24 INFO  o.a.c.c.C.[Tomcat].[localhost].[/] - Initializing Spring embedded WebApplicationContext
2025-05-24 08:06:24 INFO  o.s.b.w.s.c.ServletWebServerApplicationContext - Root WebApplicationContext: initialization completed in 2625 ms
2025-05-24 08:06:25 INFO  o.h.jpa.internal.util.LogHelper - HHH000204: Processing PersistenceUnitInfo [name: default]
2025-05-24 08:06:25 INFO  org.hibernate.Version - HHH000412: Hibernate ORM core version 6.6.15.Final
2025-05-24 08:06:25 INFO  o.h.c.i.RegionFactoryInitiator - HHH000026: Second-level cache disabled
2025-05-24 08:06:26 INFO  o.s.o.j.p.SpringPersistenceUnitInfo - No LoadTimeWeaver setup: ignoring JPA class transformer
2025-05-24 08:06:26 INFO  com.zaxxer.hikari.HikariDataSource - HikariPool-1 - Starting...
2025-05-24 08:06:26 INFO  com.zaxxer.hikari.pool.HikariPool - HikariPool-1 - Added connection org.postgresql.jdbc.PgConnection@2d459bda
2025-05-24 08:06:26 INFO  com.zaxxer.hikari.HikariDataSource - HikariPool-1 - Start completed.
2025-05-24 08:06:26 WARN  org.hibernate.orm.deprecation - HHH90000025: PostgreSQLDialect does not need to be specified explicitly using 'hibernate.dialect' (remove the property setting and it will be selected by default)
2025-05-24 08:06:26 INFO  o.hibernate.orm.connections.pooling - HHH10001005: Database info:
	Database JDBC URL [Connecting through datasource 'HikariDataSource (HikariPool-1)']
	Database driver: undefined/unknown
	Database version: 15.13
	Autocommit mode: undefined/unknown
	Isolation level: undefined/unknown
	Minimum pool size: undefined/unknown
	Maximum pool size: undefined/unknown
2025-05-24 08:06:27 INFO  o.h.e.t.j.p.i.JtaPlatformInitiator - HHH000489: No JTA platform available (set 'hibernate.transaction.jta.platform' to enable JTA platform integration)
2025-05-24 08:06:27 WARN  o.h.e.jdbc.spi.SqlExceptionHelper - SQL Warning Code: 0, SQLState: 00000
2025-05-24 08:06:27 WARN  o.h.e.jdbc.spi.SqlExceptionHelper - constraint "uk6dotkott2kjsp8vw4d0m25fb7" of relation "users" does not exist, skipping
2025-05-24 08:06:27 INFO  o.s.o.j.LocalContainerEntityManagerFactoryBean - Initialized JPA EntityManagerFactory for persistence unit 'default'
2025-05-24 08:06:28 WARN  o.s.b.a.o.j.JpaBaseConfiguration$JpaWebConfiguration - spring.jpa.open-in-view is enabled by default. Therefore, database queries may be performed during view rendering. Explicitly configure spring.jpa.open-in-view to disable this warning
2025-05-24 08:06:29 INFO  o.s.b.a.e.web.EndpointLinksResolver - Exposing 1 endpoint beneath base path '/actuator'
2025-05-24 08:06:29 INFO  o.s.b.w.e.tomcat.TomcatWebServer - Tomcat started on port 8081 (http) with context path '/'
2025-05-24 08:06:29 INFO  c.e.u.UserServiceApplication - Started UserServiceApplication in 7.648 seconds (process running for 8.474)
2025-05-24 08:07:46 INFO  o.a.c.c.C.[Tomcat].[localhost].[/] - Initializing Spring DispatcherServlet 'dispatcherServlet'
2025-05-24 08:07:46 INFO  o.s.web.servlet.DispatcherServlet - Initializing Servlet 'dispatcherServlet'
2025-05-24 08:07:46 INFO  o.s.web.servlet.DispatcherServlet - Completed initialization in 1 ms
2025-05-24 08:07:46 INFO  c.e.userservice.aop.LoggingAspect - [Before] User com.example.userservice.service.UserService.create(User) called with args: [User(id=null, username=burak, email=cburaksari)]
2025-05-24 08:07:46 INFO  c.e.userservice.aop.LoggingAspect - [AfterReturning] User com.example.userservice.service.UserService.create(User) returned: User(id=1, username=burak, email=cburaksari)
2025-05-24 08:08:07 INFO  c.e.userservice.aop.LoggingAspect - [Before] List com.example.userservice.service.UserService.getAll() called with args: []
2025-05-24 08:08:07 INFO  c.e.userservice.aop.LoggingAspect - [AfterReturning] List com.example.userservice.service.UserService.getAll() returned: [User(id=1, username=burak, email=cburaksari)]
2025-05-24 08:14:12 INFO  o.s.b.w.e.tomcat.GracefulShutdown - Commencing graceful shutdown. Waiting for active requests to complete
2025-05-24 08:14:12 INFO  o.s.b.w.e.tomcat.GracefulShutdown - Graceful shutdown complete
2025-05-24 08:14:12 INFO  o.s.o.j.LocalContainerEntityManagerFactoryBean - Closing JPA EntityManagerFactory for persistence unit 'default'
2025-05-24 08:14:12 INFO  com.zaxxer.hikari.HikariDataSource - HikariPool-1 - Shutdown initiated...
2025-05-24 08:14:12 INFO  com.zaxxer.hikari.HikariDataSource - HikariPool-1 - Shutdown completed.
2025-05-24 08:14:14 INFO  c.e.u.UserServiceApplication - Starting UserServiceApplication v0.0.1-SNAPSHOT using Java 21 with PID 1 (/app/app.jar started by root in /app)
2025-05-24 08:14:14 INFO  c.e.u.UserServiceApplication - No active profile set, falling back to 1 default profile: "default"
2025-05-24 08:14:15 INFO  o.s.d.r.c.RepositoryConfigurationDelegate - Bootstrapping Spring Data JPA repositories in DEFAULT mode.
2025-05-24 08:14:15 INFO  o.s.d.r.c.RepositoryConfigurationDelegate - Finished Spring Data repository scanning in 41 ms. Found 1 JPA repository interface.
2025-05-24 08:14:16 INFO  o.s.b.w.e.tomcat.TomcatWebServer - Tomcat initialized with port 8081 (http)
2025-05-24 08:14:16 INFO  o.a.catalina.core.StandardService - Starting service [Tomcat]
2025-05-24 08:14:16 INFO  o.a.catalina.core.StandardEngine - Starting Servlet engine: [Apache Tomcat/10.1.41]
2025-05-24 08:14:16 INFO  o.a.c.c.C.[Tomcat].[localhost].[/] - Initializing Spring embedded WebApplicationContext
2025-05-24 08:14:16 INFO  o.s.b.w.s.c.ServletWebServerApplicationContext - Root WebApplicationContext: initialization completed in 1530 ms
2025-05-24 08:14:16 INFO  o.h.jpa.internal.util.LogHelper - HHH000204: Processing PersistenceUnitInfo [name: default]
2025-05-24 08:14:16 INFO  org.hibernate.Version - HHH000412: Hibernate ORM core version 6.6.15.Final
2025-05-24 08:14:16 INFO  o.h.c.i.RegionFactoryInitiator - HHH000026: Second-level cache disabled
2025-05-24 08:14:17 INFO  o.s.o.j.p.SpringPersistenceUnitInfo - No LoadTimeWeaver setup: ignoring JPA class transformer
2025-05-24 08:14:17 INFO  com.zaxxer.hikari.HikariDataSource - HikariPool-1 - Starting...
2025-05-24 08:14:17 INFO  com.zaxxer.hikari.pool.HikariPool - HikariPool-1 - Added connection org.postgresql.jdbc.PgConnection@720c8f80
2025-05-24 08:14:17 INFO  com.zaxxer.hikari.HikariDataSource - HikariPool-1 - Start completed.
2025-05-24 08:14:17 WARN  org.hibernate.orm.deprecation - HHH90000025: PostgreSQLDialect does not need to be specified explicitly using 'hibernate.dialect' (remove the property setting and it will be selected by default)
2025-05-24 08:14:17 INFO  o.hibernate.orm.connections.pooling - HHH10001005: Database info:
	Database JDBC URL [Connecting through datasource 'HikariDataSource (HikariPool-1)']
	Database driver: undefined/unknown
	Database version: 15.13
	Autocommit mode: undefined/unknown
	Isolation level: undefined/unknown
	Minimum pool size: undefined/unknown
	Maximum pool size: undefined/unknown
2025-05-24 08:14:17 INFO  o.h.e.t.j.p.i.JtaPlatformInitiator - HHH000489: No JTA platform available (set 'hibernate.transaction.jta.platform' to enable JTA platform integration)
2025-05-24 08:14:17 INFO  o.s.o.j.LocalContainerEntityManagerFactoryBean - Initialized JPA EntityManagerFactory for persistence unit 'default'
2025-05-24 08:14:18 WARN  o.s.b.a.o.j.JpaBaseConfiguration$JpaWebConfiguration - spring.jpa.open-in-view is enabled by default. Therefore, database queries may be performed during view rendering. Explicitly configure spring.jpa.open-in-view to disable this warning
2025-05-24 08:14:18 INFO  o.s.b.a.e.web.EndpointLinksResolver - Exposing 1 endpoint beneath base path '/actuator'
2025-05-24 08:14:18 INFO  o.s.b.w.e.tomcat.TomcatWebServer - Tomcat started on port 8081 (http) with context path '/'
2025-05-24 08:14:18 INFO  c.e.u.UserServiceApplication - Started UserServiceApplication in 4.522 seconds (process running for 4.971)
2025-05-24 08:28:14 INFO  o.s.b.w.e.tomcat.GracefulShutdown - Commencing graceful shutdown. Waiting for active requests to complete
2025-05-24 08:28:14 INFO  o.s.b.w.e.tomcat.GracefulShutdown - Graceful shutdown complete
2025-05-24 08:28:14 INFO  o.s.o.j.LocalContainerEntityManagerFactoryBean - Closing JPA EntityManagerFactory for persistence unit 'default'
2025-05-24 08:28:14 INFO  com.zaxxer.hikari.HikariDataSource - HikariPool-1 - Shutdown initiated...
2025-05-24 08:28:14 INFO  com.zaxxer.hikari.HikariDataSource - HikariPool-1 - Shutdown completed.
2025-05-24 08:28:16 INFO  c.e.u.UserServiceApplication - Starting UserServiceApplication v0.0.1-SNAPSHOT using Java 21 with PID 1 (/app/app.jar started by root in /app)
2025-05-24 08:28:16 INFO  c.e.u.UserServiceApplication - No active profile set, falling back to 1 default profile: "default"
2025-05-24 08:28:17 INFO  o.s.d.r.c.RepositoryConfigurationDelegate - Bootstrapping Spring Data JPA repositories in DEFAULT mode.
2025-05-24 08:28:17 INFO  o.s.d.r.c.RepositoryConfigurationDelegate - Finished Spring Data repository scanning in 41 ms. Found 1 JPA repository interface.
2025-05-24 08:28:18 INFO  o.s.b.w.e.tomcat.TomcatWebServer - Tomcat initialized with port 8081 (http)
2025-05-24 08:28:18 INFO  o.a.catalina.core.StandardService - Starting service [Tomcat]
2025-05-24 08:28:18 INFO  o.a.catalina.core.StandardEngine - Starting Servlet engine: [Apache Tomcat/10.1.41]
2025-05-24 08:28:18 INFO  o.a.c.c.C.[Tomcat].[localhost].[/] - Initializing Spring embedded WebApplicationContext
2025-05-24 08:28:18 INFO  o.s.b.w.s.c.ServletWebServerApplicationContext - Root WebApplicationContext: initialization completed in 1649 ms
2025-05-24 08:28:18 INFO  o.h.jpa.internal.util.LogHelper - HHH000204: Processing PersistenceUnitInfo [name: default]
2025-05-24 08:28:18 INFO  org.hibernate.Version - HHH000412: Hibernate ORM core version 6.6.15.Final
2025-05-24 08:28:18 INFO  o.h.c.i.RegionFactoryInitiator - HHH000026: Second-level cache disabled
2025-05-24 08:28:18 INFO  o.s.o.j.p.SpringPersistenceUnitInfo - No LoadTimeWeaver setup: ignoring JPA class transformer
2025-05-24 08:28:18 INFO  com.zaxxer.hikari.HikariDataSource - HikariPool-1 - Starting...
2025-05-24 08:28:18 INFO  com.zaxxer.hikari.pool.HikariPool - HikariPool-1 - Added connection org.postgresql.jdbc.PgConnection@72f35a31
2025-05-24 08:28:18 INFO  com.zaxxer.hikari.HikariDataSource - HikariPool-1 - Start completed.
2025-05-24 08:28:18 WARN  org.hibernate.orm.deprecation - HHH90000025: PostgreSQLDialect does not need to be specified explicitly using 'hibernate.dialect' (remove the property setting and it will be selected by default)
2025-05-24 08:28:18 INFO  o.hibernate.orm.connections.pooling - HHH10001005: Database info:
	Database JDBC URL [Connecting through datasource 'HikariDataSource (HikariPool-1)']
	Database driver: undefined/unknown
	Database version: 15.13
	Autocommit mode: undefined/unknown
	Isolation level: undefined/unknown
	Minimum pool size: undefined/unknown
	Maximum pool size: undefined/unknown
2025-05-24 08:28:19 INFO  o.h.e.t.j.p.i.JtaPlatformInitiator - HHH000489: No JTA platform available (set 'hibernate.transaction.jta.platform' to enable JTA platform integration)
2025-05-24 08:28:19 INFO  o.s.o.j.LocalContainerEntityManagerFactoryBean - Initialized JPA EntityManagerFactory for persistence unit 'default'
2025-05-24 08:28:19 WARN  o.s.b.a.o.j.JpaBaseConfiguration$JpaWebConfiguration - spring.jpa.open-in-view is enabled by default. Therefore, database queries may be performed during view rendering. Explicitly configure spring.jpa.open-in-view to disable this warning
2025-05-24 08:28:20 INFO  o.s.b.a.e.web.EndpointLinksResolver - Exposing 1 endpoint beneath base path '/actuator'
2025-05-24 08:28:20 INFO  o.s.b.w.e.tomcat.TomcatWebServer - Tomcat started on port 8081 (http) with context path '/'
2025-05-24 08:28:20 INFO  c.e.u.UserServiceApplication - Started UserServiceApplication in 4.723 seconds (process running for 5.182)
2025-05-24 08:29:02 INFO  o.a.c.c.C.[Tomcat].[localhost].[/] - Initializing Spring DispatcherServlet 'dispatcherServlet'
2025-05-24 08:29:02 INFO  o.s.web.servlet.DispatcherServlet - Initializing Servlet 'dispatcherServlet'
2025-05-24 08:29:02 INFO  o.s.web.servlet.DispatcherServlet - Completed initialization in 0 ms
2025-05-24 08:29:02 INFO  c.e.userservice.aop.LoggingAspect - [Before] List com.example.userservice.service.UserService.getAll() called with args: []
2025-05-24 08:29:02 INFO  c.e.userservice.aop.LoggingAspect - [AfterReturning] List com.example.userservice.service.UserService.getAll() returned: [User(id=1, username=burak, email=cburaksari)]
2025-05-24 08:29:03 INFO  c.e.userservice.aop.LoggingAspect - [Before] List com.example.userservice.service.UserService.getAll() called with args: []
2025-05-24 08:29:03 INFO  c.e.userservice.aop.LoggingAspect - [AfterReturning] List com.example.userservice.service.UserService.getAll() returned: [User(id=1, username=burak, email=cburaksari)]
